#! /opt/homebrew/Cellar/icarus-verilog/12.0/bin/vvp
:ivl_version "12.0 (stable)";
:ivl_delay_selection "TYPICAL";
:vpi_time_precision + 0;
:vpi_module "/opt/homebrew/Cellar/icarus-verilog/12.0/lib/ivl/system.vpi";
:vpi_module "/opt/homebrew/Cellar/icarus-verilog/12.0/lib/ivl/vhdl_sys.vpi";
:vpi_module "/opt/homebrew/Cellar/icarus-verilog/12.0/lib/ivl/vhdl_textio.vpi";
:vpi_module "/opt/homebrew/Cellar/icarus-verilog/12.0/lib/ivl/v2005_math.vpi";
:vpi_module "/opt/homebrew/Cellar/icarus-verilog/12.0/lib/ivl/va_math.vpi";
S_0x133e05120 .scope module, "tb" "tb" 2 1;
 .timescale 0 0;
v0x6000033a4240_0 .var "clk", 0 0;
v0x6000033a42d0_0 .var "d", 0 0;
v0x6000033a4360_0 .net "q", 0 0, v0x6000033a4120_0;  1 drivers
v0x6000033a43f0_0 .var "rst", 0 0;
S_0x133e05290 .scope module, "ff0" "ff" 2 10, 3 1 0, S_0x133e05120;
 .timescale 0 0;
    .port_info 0 /INPUT 1 "clk";
    .port_info 1 /INPUT 1 "d";
    .port_info 2 /INPUT 1 "rst";
    .port_info 3 /OUTPUT 1 "q";
v0x6000033a4000_0 .net "clk", 0 0, v0x6000033a4240_0;  1 drivers
v0x6000033a4090_0 .net "d", 0 0, v0x6000033a42d0_0;  1 drivers
v0x6000033a4120_0 .var "q", 0 0;
v0x6000033a41b0_0 .net "rst", 0 0, v0x6000033a43f0_0;  1 drivers
E_0x6000014a5680 .event posedge, v0x6000033a4000_0;
    .scope S_0x133e05290;
T_0 ;
    %wait E_0x6000014a5680;
    %load/vec4 v0x6000033a41b0_0;
    %inv;
    %flag_set/vec4 8;
    %jmp/0xz  T_0.0, 8;
    %pushi/vec4 0, 0, 1;
    %assign/vec4 v0x6000033a4120_0, 0;
    %jmp T_0.1;
T_0.0 ;
    %load/vec4 v0x6000033a4090_0;
    %assign/vec4 v0x6000033a4120_0, 0;
T_0.1 ;
    %jmp T_0;
    .thread T_0;
    .scope S_0x133e05120;
T_1 ;
    %pushi/vec4 0, 0, 1;
    %store/vec4 v0x6000033a4240_0, 0, 1;
T_1.0 ;
    %delay 1, 0;
    %load/vec4 v0x6000033a4240_0;
    %inv;
    %store/vec4 v0x6000033a4240_0, 0, 1;
    %jmp T_1.0;
    %end;
    .thread T_1;
    .scope S_0x133e05120;
T_2 ;
    %vpi_call 2 26 "$dumpfile", "wave.vcd" {0 0 0};
    %vpi_call 2 27 "$dumpvars", 32'sb00000000000000000000000000000000, S_0x133e05120 {0 0 0};
    %pushi/vec4 0, 0, 1;
    %assign/vec4 v0x6000033a42d0_0, 0;
    %pushi/vec4 1, 0, 1;
    %assign/vec4 v0x6000033a43f0_0, 0;
    %vpi_call 2 32 "$display", "Time\011clk\011rst\011d\011q" {0 0 0};
    %vpi_call 2 33 "$monitor", "%0t\011%b\011%b\011%b\011%b", $time, v0x6000033a4240_0, v0x6000033a43f0_0, v0x6000033a42d0_0, v0x6000033a4360_0 {0 0 0};
    %delay 10, 0;
    %pushi/vec4 1, 0, 1;
    %assign/vec4 v0x6000033a42d0_0, 0;
    %delay 10, 0;
    %vpi_call 2 40 "$finish" {0 0 0};
    %end;
    .thread T_2;
# The file index is used to find the file name in the following table.
:file_names 4;
    "N/A";
    "<interactive>";
    "test.v";
    "ff.v";
