#! /opt/homebrew/Cellar/icarus-verilog/12.0/bin/vvp
:ivl_version "12.0 (stable)";
:ivl_delay_selection "TYPICAL";
:vpi_time_precision + 0;
:vpi_module "/opt/homebrew/Cellar/icarus-verilog/12.0/lib/ivl/system.vpi";
:vpi_module "/opt/homebrew/Cellar/icarus-verilog/12.0/lib/ivl/vhdl_sys.vpi";
:vpi_module "/opt/homebrew/Cellar/icarus-verilog/12.0/lib/ivl/vhdl_textio.vpi";
:vpi_module "/opt/homebrew/Cellar/icarus-verilog/12.0/lib/ivl/v2005_math.vpi";
:vpi_module "/opt/homebrew/Cellar/icarus-verilog/12.0/lib/ivl/va_math.vpi";
S_0x13ee04fd0 .scope module, "tb" "tb" 2 2;
 .timescale 0 0;
v0x6000008fc240_0 .var "clk", 0 0;
v0x6000008fc2d0_0 .var "j", 0 0;
v0x6000008fc360_0 .var "k", 0 0;
v0x6000008fc3f0_0 .net "q", 0 0, v0x6000008fc1b0_0;  1 drivers
S_0x13ee05140 .scope module, "jk0" "jk" 2 10, 3 1 0, S_0x13ee04fd0;
 .timescale 0 0;
    .port_info 0 /INPUT 1 "clk";
    .port_info 1 /INPUT 1 "j";
    .port_info 2 /INPUT 1 "k";
    .port_info 3 /OUTPUT 1 "q";
v0x6000008fc000_0 .net "clk", 0 0, v0x6000008fc240_0;  1 drivers
v0x6000008fc090_0 .net "j", 0 0, v0x6000008fc2d0_0;  1 drivers
v0x6000008fc120_0 .net "k", 0 0, v0x6000008fc360_0;  1 drivers
v0x6000008fc1b0_0 .var "q", 0 0;
E_0x600002ffc1c0 .event posedge, v0x6000008fc000_0;
    .scope S_0x13ee05140;
T_0 ;
    %wait E_0x600002ffc1c0;
    %load/vec4 v0x6000008fc090_0;
    %load/vec4 v0x6000008fc120_0;
    %concat/vec4; draw_concat_vec4
    %dup/vec4;
    %pushi/vec4 0, 0, 2;
    %cmp/u;
    %jmp/1 T_0.0, 6;
    %dup/vec4;
    %pushi/vec4 1, 0, 2;
    %cmp/u;
    %jmp/1 T_0.1, 6;
    %dup/vec4;
    %pushi/vec4 2, 0, 2;
    %cmp/u;
    %jmp/1 T_0.2, 6;
    %dup/vec4;
    %pushi/vec4 3, 0, 2;
    %cmp/u;
    %jmp/1 T_0.3, 6;
    %jmp T_0.4;
T_0.0 ;
    %load/vec4 v0x6000008fc1b0_0;
    %assign/vec4 v0x6000008fc1b0_0, 0;
    %jmp T_0.4;
T_0.1 ;
    %pushi/vec4 1, 0, 1;
    %assign/vec4 v0x6000008fc1b0_0, 0;
    %jmp T_0.4;
T_0.2 ;
    %pushi/vec4 0, 0, 1;
    %assign/vec4 v0x6000008fc1b0_0, 0;
    %jmp T_0.4;
T_0.3 ;
    %load/vec4 v0x6000008fc1b0_0;
    %inv;
    %assign/vec4 v0x6000008fc1b0_0, 0;
    %jmp T_0.4;
T_0.4 ;
    %pop/vec4 1;
    %jmp T_0;
    .thread T_0;
    .scope S_0x13ee04fd0;
T_1 ;
    %pushi/vec4 0, 0, 1;
    %store/vec4 v0x6000008fc240_0, 0, 1;
T_1.0 ;
    %delay 1, 0;
    %load/vec4 v0x6000008fc240_0;
    %inv;
    %store/vec4 v0x6000008fc240_0, 0, 1;
    %jmp T_1.0;
    %end;
    .thread T_1;
    .scope S_0x13ee04fd0;
T_2 ;
    %vpi_call 2 24 "$dumpfile", "wave.vcd" {0 0 0};
    %vpi_call 2 25 "$dumpvars", 32'sb00000000000000000000000000000000, S_0x13ee04fd0 {0 0 0};
    %delay 5, 0;
    %pushi/vec4 0, 0, 1;
    %assign/vec4 v0x6000008fc2d0_0, 0;
    %pushi/vec4 1, 0, 1;
    %assign/vec4 v0x6000008fc360_0, 0;
    %vpi_call 2 30 "$display", "time: %d j: %d k: %d q: %d", $time, v0x6000008fc2d0_0, v0x6000008fc360_0, v0x6000008fc3f0_0 {0 0 0};
    %delay 10, 0;
    %pushi/vec4 1, 0, 1;
    %assign/vec4 v0x6000008fc2d0_0, 0;
    %pushi/vec4 0, 0, 1;
    %assign/vec4 v0x6000008fc360_0, 0;
    %vpi_call 2 35 "$display", "time: %d j: %d k: %d q: %d", $time, v0x6000008fc2d0_0, v0x6000008fc360_0, v0x6000008fc3f0_0 {0 0 0};
    %delay 10, 0;
    %pushi/vec4 1, 0, 1;
    %assign/vec4 v0x6000008fc2d0_0, 0;
    %pushi/vec4 1, 0, 1;
    %assign/vec4 v0x6000008fc360_0, 0;
    %vpi_call 2 40 "$display", "time: %d j: %d k: %d q: %d", $time, v0x6000008fc2d0_0, v0x6000008fc360_0, v0x6000008fc3f0_0 {0 0 0};
    %delay 10, 0;
    %pushi/vec4 0, 0, 1;
    %assign/vec4 v0x6000008fc2d0_0, 0;
    %pushi/vec4 0, 0, 1;
    %assign/vec4 v0x6000008fc360_0, 0;
    %vpi_call 2 45 "$display", "time: %d j: %d k: %d q: %d", $time, v0x6000008fc2d0_0, v0x6000008fc360_0, v0x6000008fc3f0_0 {0 0 0};
    %delay 10, 0;
    %vpi_call 2 49 "$finish" {0 0 0};
    %end;
    .thread T_2;
# The file index is used to find the file name in the following table.
:file_names 4;
    "N/A";
    "<interactive>";
    "test.v";
    "jk.v";
